<?xml version="1.0" encoding="UTF-8"?>
<!-- Generated by org.testng.reporters.JUnitReportReporter -->
<testsuite hostname="DESKTOP-74QQ2KO" failures="0" tests="1" name="cucumber.TestNGTestRuner" time="9.369" errors="0" timestamp="2024-07-24T16:16:27 IST" skipped="0">
  <testcase classname="cucumber.TestNGTestRuner" name="runScenario" time="9.369"/>
</testsuite> <!-- cucumber.TestNGTestRuner -->
