<?xml version="1.0" encoding="UTF-8"?>
<!-- Generated by org.testng.reporters.JUnitReportReporter -->
<testsuite hostname="DESKTOP-74QQ2KO" failures="0" tests="3" name="ke.tests.ErrorValidations" time="17.450" errors="0" timestamp="2024-07-21T13:35:53 IST" skipped="1">
  <testcase classname="ke.tests.ErrorValidations" name="productErrorValidation" time="5.475"/>
  <testcase classname="ke.tests.ErrorValidations" name="loginError" time="3.898"/>
  <testcase classname="ke.tests.ErrorValidations" name="productErrorValidation" time="8.077">
    <skipped/>
  </testcase> <!-- productErrorValidation -->
</testsuite> <!-- ke.tests.ErrorValidations -->
